0 info it worked if it ends with ok
1 verbose cli [ '/usr/bin/nodejs', '/usr/local/bin/npm', 'run', 'build' ]
2 info using npm@2.15.10
3 info using node@v4.2.6
4 verbose run-script [ 'prebuild', 'build', 'postbuild' ]
5 info prebuild os-types@
6 verbose unsafe-perm in lifecycle true
7 info build os-types@
8 verbose unsafe-perm in lifecycle true
9 info os-types@ Failed to exec build script
10 verbose stack Error: os-types@ build: `babel src/index.js -o dist/index.js && babel src/extra-options.js -o dist/extra-options.js`
10 verbose stack spawn ENOENT
10 verbose stack     at ChildProcess.<anonymous> (/usr/local/lib/node_modules/npm/lib/utils/spawn.js:17:16)
10 verbose stack     at emitTwo (events.js:87:13)
10 verbose stack     at ChildProcess.emit (events.js:172:7)
10 verbose stack     at maybeClose (internal/child_process.js:821:16)
10 verbose stack     at Process.ChildProcess._handle.onexit (internal/child_process.js:211:5)
11 verbose pkgid os-types@
12 verbose cwd /home/loic/repos/os-types
13 error Linux 4.4.0-34-generic
14 error argv "/usr/bin/nodejs" "/usr/local/bin/npm" "run" "build"
15 error node v4.2.6
16 error npm  v2.15.10
17 error file sh
18 error code ELIFECYCLE
19 error errno ENOENT
20 error syscall spawn
21 error os-types@ build: `babel src/index.js -o dist/index.js && babel src/extra-options.js -o dist/extra-options.js`
21 error spawn ENOENT
22 error Failed at the os-types@ build script 'babel src/index.js -o dist/index.js && babel src/extra-options.js -o dist/extra-options.js'.
22 error This is most likely a problem with the os-types package,
22 error not with npm itself.
22 error Tell the author that this fails on your system:
22 error     babel src/index.js -o dist/index.js && babel src/extra-options.js -o dist/extra-options.js
22 error You can get information on how to open an issue for this project with:
22 error     npm bugs os-types
22 error Or if that isn't available, you can get their info via:
22 error
22 error     npm owner ls os-types
22 error There is likely additional logging output above.
23 verbose exit [ 1, true ]
